[10/Mar/2020:15:51:01] (ℹ️): WordPress Instance Info:
[10/Mar/2020:15:51:01] (ℹ️): Home URL : http://localhost
[10/Mar/2020:15:51:01] (ℹ️): Site URL : http://localhost
[10/Mar/2020:15:51:01] (ℹ️): WordPress Version : 5.3.2
[10/Mar/2020:15:51:01] (ℹ️): Onboarding Version : 1.7.12
[10/Mar/2020:15:51:01] (ℹ️): Multisite : No
[10/Mar/2020:15:51:01] (ℹ️): Server Info : Apache/2.2.34 (Unix) mod_wsgi/3.5 Python/2.7.13 PHP/7.4.1 mod_ssl/2.2.34 OpenSSL/1.0.2o DAV/2 mod_fastcgi/mod_fastcgi-SNAP-0910052141 mod_perl/2.0.11 Perl/v5.24.0
[10/Mar/2020:15:51:01] (ℹ️): PHP Version : 7.4.1
[10/Mar/2020:15:51:01] (ℹ️): HTTPS : No
[10/Mar/2020:15:51:01] (ℹ️): PHP Max Execution Time : 30
[10/Mar/2020:15:51:01] (ℹ️): PHP Max Input Vars : 1000
[10/Mar/2020:15:51:01] (ℹ️): Max Upload Size : 8388608
[10/Mar/2020:15:51:01] (ℹ️): Plugins:
[10/Mar/2020:15:51:01] (ℹ️): [PLUGIN] Contact Form 7 : v5.1.7 (Takayuki Miyoshi)
[10/Mar/2020:15:51:01] (ℹ️): [PLUGIN] GDPR Cookie Consent : v1.8.5 (WebToffee)
[10/Mar/2020:15:51:01] (ℹ️): [PLUGIN] Custom Post Type UI : v1.7.3 (WebDevStudios)
[10/Mar/2020:15:51:01] (ℹ️): [PLUGIN] Duplicate Post : v3.2.4 (Enrico Battocchi)
[10/Mar/2020:15:51:01] (ℹ️): [PLUGIN] Gutenberg Blocks and Template Library by Otter : v1.4.1 (ThemeIsle)
[10/Mar/2020:15:51:01] (ℹ️): [PLUGIN] Orbit Fox Companion : v2.9.3 (Themeisle)
[10/Mar/2020:15:51:01] (ℹ️): [PLUGIN] Yoast SEO : v13.2 (L’équipe Yoast)
